Arguments: 
  /usr/bin/node /usr/share/yarn/bin/yarn.js add bootstrap_timepicker.js

PATH: 
  /usr/local/sbin:/usr/local/bin:/usr/sbin:/usr/bin:/sbin:/bin:/usr/games:/usr/local/games:/snap/bin:/home/gvollbach/Android/Sdk/tools:/home/gvollbach/Android/Sdk/platform-tools:/home/gvollbach/Android/Sdk/tools:/home/gvollbach/Android/Sdk/platform-tools

Yarn version: 
  1.22.5

Node version: 
  14.17.2

Platform: 
  linux x64

Trace: 
  Error: https://registry.yarnpkg.com/bootstrap_timepicker.js: Not found
      at Request.params.callback [as _callback] (/usr/share/yarn/lib/cli.js:66988:18)
      at Request.self.callback (/usr/share/yarn/lib/cli.js:140749:22)
      at Request.emit (events.js:375:28)
      at Request.<anonymous> (/usr/share/yarn/lib/cli.js:141721:10)
      at Request.emit (events.js:375:28)
      at IncomingMessage.<anonymous> (/usr/share/yarn/lib/cli.js:141643:12)
      at Object.onceWrapper (events.js:481:28)
      at IncomingMessage.emit (events.js:387:35)
      at endReadableNT (internal/streams/readable.js:1317:12)
      at processTicksAndRejections (internal/process/task_queues.js:82:21)

npm manifest: 
  {
    "name": "npm",
    "version": "1.0.0",
    "main": "index.js",
    "license": "MIT",
    "dependencies": {
      "plyr": "^3.6.8",
      "svg.draggable.js": "^3.0.0",
      "svg.js": "^2.7.1"
    }
  }

yarn manifest: 
  No manifest

Lockfile: 
  # THIS IS AN AUTOGENERATED FILE. DO NOT EDIT THIS FILE DIRECTLY.
  # yarn lockfile v1
  
  
  "@svgdotjs/svg.js@^3.0.10":
    version "3.1.1"
    resolved "https://registry.yarnpkg.com/@svgdotjs/svg.js/-/svg.js-3.1.1.tgz#3cf6a59e6d8708cd76d38b26e7d682dacb2f3670"
    integrity sha512-73FggAUBS+zuHhJOMZiAsuE5qpwA4pmWUbLuvof2g3YnWEc3QhXA3tjqZlJJukBobSA23a/avf1Vb1U1QbER1Q==
  
  core-js@^3.10.1:
    version "3.15.2"
    resolved "https://registry.yarnpkg.com/core-js/-/core-js-3.15.2.tgz#740660d2ff55ef34ce664d7e2455119c5bdd3d61"
    integrity sha512-tKs41J7NJVuaya8DxIOCnl8QuPHx5/ZVbFo1oKgVl1qHFBBrDctzQGtuLjPpRdNTWmKPH6oEvgN/MUID+l485Q==
  
  custom-event-polyfill@^1.0.7:
    version "1.0.7"
    resolved "https://registry.yarnpkg.com/custom-event-polyfill/-/custom-event-polyfill-1.0.7.tgz#9bc993ddda937c1a30ccd335614c6c58c4f87aee"
    integrity sha512-TDDkd5DkaZxZFM8p+1I3yAlvM3rSr1wbrOliG4yJiwinMZN8z/iGL7BTlDkrJcYTmgUSb4ywVCc3ZaUtOtC76w==
  
  loadjs@^4.2.0:
    version "4.2.0"
    resolved "https://registry.yarnpkg.com/loadjs/-/loadjs-4.2.0.tgz#2a0336376397a6a43edf98c9ec3229ddd5abb6f6"
    integrity sha512-AgQGZisAlTPbTEzrHPb6q+NYBMD+DP9uvGSIjSUM5uG+0jG15cb8axWpxuOIqrmQjn6scaaH8JwloiP27b2KXA==
  
  plyr@^3.6.8:
    version "3.6.8"
    resolved "https://registry.yarnpkg.com/plyr/-/plyr-3.6.8.tgz#a857ba87fe4318afcc121d4801cec3cf4013c081"
    integrity sha512-Iu9KKsH+/HH6PBGAag57KswjXRXyJ9TeMlcMiwLCGC9foqSIb+crPi6wTmyFr9AFmTr8QZuFrYEL+SlnXT+vBw==
    dependencies:
      core-js "^3.10.1"
      custom-event-polyfill "^1.0.7"
      loadjs "^4.2.0"
      rangetouch "^2.0.1"
      url-polyfill "^1.1.12"
  
  rangetouch@^2.0.1:
    version "2.0.1"
    resolved "https://registry.yarnpkg.com/rangetouch/-/rangetouch-2.0.1.tgz#c01105110fd3afca2adcb1a580692837d883cb70"
    integrity sha512-sln+pNSc8NGaHoLzwNBssFSf/rSYkqeBXzX1AtJlkJiUaVSJSbRAWJk+4omsXkN+EJalzkZhWQ3th1m0FpR5xA==
  
  svg.draggable.js@^3.0.0:
    version "3.0.0"
    resolved "https://registry.yarnpkg.com/svg.draggable.js/-/svg.draggable.js-3.0.0.tgz#15d8570a396a3fc8cc34a34f18d1ad11c6290a62"
    integrity sha512-fg7whnOG8XNAIn6bW8VhPUWXH3jG6x+SIzY06N9HIuIb+0L/NhYMjIF1OuzhA5vCN/O4GKEGfHIbihrcyFV1Pw==
    dependencies:
      "@svgdotjs/svg.js" "^3.0.10"
  
  svg.js@^2.7.1:
    version "2.7.1"
    resolved "https://registry.yarnpkg.com/svg.js/-/svg.js-2.7.1.tgz#eb977ed4737001eab859949b4a398ee1bb79948d"
    integrity sha512-ycbxpizEQktk3FYvn/8BH+6/EuWXg7ZpQREJvgacqn46gIddG24tNNe4Son6omdXCnSOaApnpZw6MPCBA1dODA==
  
  url-polyfill@^1.1.12:
    version "1.1.12"
    resolved "https://registry.yarnpkg.com/url-polyfill/-/url-polyfill-1.1.12.tgz#6cdaa17f6b022841b3aec0bf8dbd87ac0cd33331"
    integrity sha512-mYFmBHCapZjtcNHW0MDq9967t+z4Dmg5CJ0KqysK3+ZbyoNOWQHksGCTWwDhxGXllkWlOc10Xfko6v4a3ucM6A==
